<?xml version="1.0" encoding="UTF-8"?>
<testng-results total="1" passed="1" failed="0" skipped="0">
  <reporter-output>
  </reporter-output>
  <suite started-at="2020-09-17T23:08:29Z" name="GroupSuite" finished-at="2020-09-17T23:08:58Z" duration-ms="29349">
    <groups>
    </groups>
    <test started-at="2020-09-17T23:08:29Z" name="TestFramework" finished-at="2020-09-17T23:08:58Z" duration-ms="29349">
      <class name="com.qa.Testcases.HomePageTest">
        <test-method is-config="true" signature="setUp()[pri:0, instance:com.qa.Testcases.HomePageTest@3b2da18f]" started-at="2020-09-17T16:08:29Z" name="setUp" finished-at="2020-09-17T16:08:47Z" duration-ms="18447" status="PASS">
          <reporter-output>
          </reporter-output>
        </test-method> <!-- setUp -->
        <test-method signature="HomePageTitleTest()[pri:0, instance:com.qa.Testcases.HomePageTest@3b2da18f]" started-at="2020-09-17T16:08:47Z" name="HomePageTitleTest" finished-at="2020-09-17T16:08:57Z" duration-ms="10064" status="PASS">
          <reporter-output>
          </reporter-output>
        </test-method> <!-- HomePageTitleTest -->
        <test-method is-config="true" signature="tearDown()[pri:0, instance:com.qa.Testcases.HomePageTest@3b2da18f]" started-at="2020-09-17T16:08:57Z" name="tearDown" finished-at="2020-09-17T16:08:58Z" duration-ms="818" status="PASS">
          <reporter-output>
          </reporter-output>
        </test-method> <!-- tearDown -->
      </class> <!-- com.qa.Testcases.HomePageTest -->
    </test> <!-- TestFramework -->
  </suite> <!-- GroupSuite -->
</testng-results>
